{
  "RSpec": {
    "coverage": {
      "/Users/garrettcottrell/mod3_projects/rails_train/rails_engine/app/models/customer.rb": {
        "lines": [
          1,
          1,
          1,
          null
        ]
      },
      "/Users/garrettcottrell/mod3_projects/rails_train/rails_engine/app/models/application_record.rb": {
        "lines": [
          1,
          1,
          null
        ]
      },
      "/Users/garrettcottrell/mod3_projects/rails_train/rails_engine/app/models/invoice_item.rb": {
        "lines": [
          1,
          1,
          1,
          1,
          1,
          null
        ]
      },
      "/Users/garrettcottrell/mod3_projects/rails_train/rails_engine/app/models/invoice.rb": {
        "lines": [
          1,
          1,
          1,
          1,
          null
        ]
      },
      "/Users/garrettcottrell/mod3_projects/rails_train/rails_engine/app/models/item.rb": {
        "lines": [
          1,
          1,
          null,
          1,
          null,
          null,
          null,
          1,
          8,
          2,
          6,
          2,
          4,
          0,
          4,
          2,
          2,
          2,
          2,
          2,
          null,
          null,
          null,
          1,
          5,
          2,
          3,
          1,
          2,
          0,
          2,
          1,
          1,
          1,
          1,
          1,
          null,
          null,
          null
        ]
      },
      "/Users/garrettcottrell/mod3_projects/rails_train/rails_engine/app/models/merchant.rb": {
        "lines": [
          1,
          1,
          1,
          1,
          null,
          1,
          5,
          2,
          3,
          2,
          2,
          1,
          1,
          1,
          null,
          null,
          null,
          1,
          6,
          2,
          4,
          1,
          1,
          3,
          3,
          3,
          null,
          null,
          null
        ]
      },
      "/Users/garrettcottrell/mod3_projects/rails_train/rails_engine/app/models/transaction.rb": {
        "lines": [
          1,
          1,
          1,
          null
        ]
      },
      "/Users/garrettcottrell/mod3_projects/rails_train/rails_engine/app/controllers/api/v1/items_controller.rb": {
        "lines": [
          1,
          1,
          1,
          null,
          null,
          1,
          1,
          null,
          null,
          1,
          1,
          null,
          null,
          1,
          1,
          null,
          null,
          1,
          1,
          null,
          null,
          1,
          null,
          1,
          2,
          null,
          null
        ]
      },
      "/Users/garrettcottrell/mod3_projects/rails_train/rails_engine/app/controllers/application_controller.rb": {
        "lines": [
          1,
          null
        ]
      },
      "/Users/garrettcottrell/mod3_projects/rails_train/rails_engine/app/serializers/item_serializer.rb": {
        "lines": [
          1,
          1,
          1,
          null,
          1,
          null
        ]
      },
      "/Users/garrettcottrell/mod3_projects/rails_train/rails_engine/app/controllers/api/v1/items/merchants_controller.rb": {
        "lines": [
          1,
          1,
          1,
          1,
          null,
          null
        ]
      },
      "/Users/garrettcottrell/mod3_projects/rails_train/rails_engine/app/serializers/merchant_serializer.rb": {
        "lines": [
          1,
          1,
          1,
          null,
          1,
          1,
          null
        ]
      },
      "/Users/garrettcottrell/mod3_projects/rails_train/rails_engine/app/controllers/api/v1/items/search_controller.rb": {
        "lines": [
          1,
          1,
          4,
          null,
          null,
          1,
          4,
          null,
          null,
          1,
          8,
          null,
          null
        ]
      },
      "/Users/garrettcottrell/mod3_projects/rails_train/rails_engine/app/controllers/api/v1/merchants_controller.rb": {
        "lines": [
          1,
          1,
          1,
          null,
          null,
          1,
          1,
          null,
          null,
          1,
          1,
          null,
          null,
          1,
          1,
          null,
          null,
          1,
          1,
          null,
          null,
          1,
          null,
          1,
          2,
          null,
          null
        ]
      },
      "/Users/garrettcottrell/mod3_projects/rails_train/rails_engine/app/controllers/api/v1/merchants/items_controller.rb": {
        "lines": [
          1,
          1,
          1,
          1,
          null,
          null
        ]
      },
      "/Users/garrettcottrell/mod3_projects/rails_train/rails_engine/app/controllers/api/v1/merchants/search_controller.rb": {
        "lines": [
          1,
          1,
          2,
          null,
          null,
          1,
          3,
          null,
          null,
          1,
          5,
          null,
          null
        ]
      },
      "/Users/garrettcottrell/mod3_projects/rails_train/rails_engine/app/mailers/application_mailer.rb": {
        "lines": [
          0,
          0,
          0,
          0
        ],
        "branches": {
        }
      },
      "/Users/garrettcottrell/mod3_projects/rails_train/rails_engine/app/jobs/application_job.rb": {
        "lines": [
          0,
          null,
          null,
          null,
          null,
          null,
          0
        ],
        "branches": {
        }
      },
      "/Users/garrettcottrell/mod3_projects/rails_train/rails_engine/app/channels/application_cable/connection.rb": {
        "lines": [
          0,
          0,
          0,
          0
        ],
        "branches": {
        }
      },
      "/Users/garrettcottrell/mod3_projects/rails_train/rails_engine/app/channels/application_cable/channel.rb": {
        "lines": [
          0,
          0,
          0,
          0
        ],
        "branches": {
        }
      }
    },
    "timestamp": 1608174149
  }
}
